{"/home/phil/Projects/js/expense-tracker/src/components/App.js": {"path":"/home/phil/Projects/js/expense-tracker/src/components/App.js","statementMap":{"0":{"start":{"line":4,"column":12},"end":{"line":11,"column":1}},"1":{"start":{"line":5,"column":2},"end":{"line":10,"column":4}}},"fnMap":{"0":{"name":"(anonymous_0)","decl":{"start":{"line":4,"column":12},"end":{"line":4,"column":13}},"loc":{"start":{"line":4,"column":21},"end":{"line":11,"column":1}},"line":4}},"branchMap":{},"s":{"0":1,"1":1},"f":{"0":1},"b":{},"_coverageSchema":"43e27e138ebf9cfc5966b082cf9a028302ed4184","hash":"4d55b62103d96c75a258423543b6ecfe8c9b9046"}
,"/home/phil/Projects/js/expense-tracker/src/components/login/Login.js": {"path":"/home/phil/Projects/js/expense-tracker/src/components/login/Login.js","statementMap":{"0":{"start":{"line":4,"column":14},"end":{"line":10,"column":1}},"1":{"start":{"line":5,"column":2},"end":{"line":9,"column":4}}},"fnMap":{"0":{"name":"(anonymous_0)","decl":{"start":{"line":4,"column":14},"end":{"line":4,"column":15}},"loc":{"start":{"line":4,"column":20},"end":{"line":10,"column":1}},"line":4}},"branchMap":{},"s":{"0":2,"1":2},"f":{"0":2},"b":{},"_coverageSchema":"43e27e138ebf9cfc5966b082cf9a028302ed4184","hash":"b20f8f06d588b3e7c2f46f04ccddb2a746220a8a"}
}
